0 info it worked if it ends with ok
1 verbose cli [ '/usr/local/bin/node',
1 verbose cli   '/usr/local/bin/npm',
1 verbose cli   'install',
1 verbose cli   '--save',
1 verbose cli   'revealjs' ]
2 info using npm@2.7.4
3 info using node@v0.12.2
4 warn package.json theia-presentation@1.0.0 No description
5 warn package.json theia-presentation@1.0.0 No README data
6 silly cache add args [ 'revealjs', null ]
7 verbose cache add spec revealjs
8 silly cache add parsed spec { raw: 'revealjs',
8 silly cache add   scope: null,
8 silly cache add   name: 'revealjs',
8 silly cache add   rawSpec: '',
8 silly cache add   spec: '*',
8 silly cache add   type: 'range' }
9 verbose addNamed revealjs@*
10 silly addNamed semver.valid null
11 silly addNamed semver.validRange *
12 silly addNameRange { name: 'revealjs', range: '*', hasData: false }
13 silly mapToRegistry name revealjs
14 silly mapToRegistry using default registry
15 silly mapToRegistry registry https://registry.npmjs.org/
16 silly mapToRegistry uri https://registry.npmjs.org/revealjs
17 verbose addNameRange registry:https://registry.npmjs.org/revealjs not in flight; fetching
18 verbose request uri https://registry.npmjs.org/revealjs
19 verbose request no auth needed
20 info attempt registry request try #1 at 5:48:40 PM
21 verbose request id 3e48b54fff1c2a30
22 http request GET https://registry.npmjs.org/revealjs
23 http 404 https://registry.npmjs.org/revealjs
24 verbose headers { server: 'CouchDB/1.5.0 (Erlang OTP/R16B03)',
24 verbose headers   'content-type': 'application/json',
24 verbose headers   'cache-control': 'max-age=0',
24 verbose headers   'content-length': '51',
24 verbose headers   'accept-ranges': 'bytes',
24 verbose headers   date: 'Sat, 23 May 2015 21:48:41 GMT',
24 verbose headers   via: '1.1 varnish',
24 verbose headers   age: '0',
24 verbose headers   connection: 'keep-alive',
24 verbose headers   'x-served-by': 'cache-jfk1027-JFK',
24 verbose headers   'x-cache': 'MISS',
24 verbose headers   'x-cache-hits': '0',
24 verbose headers   'x-timer': 'S1432417721.401636,VS0,VE80' }
25 silly get cb [ 404,
25 silly get   { server: 'CouchDB/1.5.0 (Erlang OTP/R16B03)',
25 silly get     'content-type': 'application/json',
25 silly get     'cache-control': 'max-age=0',
25 silly get     'content-length': '51',
25 silly get     'accept-ranges': 'bytes',
25 silly get     date: 'Sat, 23 May 2015 21:48:41 GMT',
25 silly get     via: '1.1 varnish',
25 silly get     age: '0',
25 silly get     connection: 'keep-alive',
25 silly get     'x-served-by': 'cache-jfk1027-JFK',
25 silly get     'x-cache': 'MISS',
25 silly get     'x-cache-hits': '0',
25 silly get     'x-timer': 'S1432417721.401636,VS0,VE80' } ]
26 verbose stack Error: 404 Not Found: revealjs
26 verbose stack     at CachingRegistryClient.<anonymous> (/usr/local/lib/node_modules/npm/node_modules/npm-registry-client/lib/request.js:245:14)
26 verbose stack     at Request._callback (/usr/local/lib/node_modules/npm/node_modules/npm-registry-client/lib/request.js:170:14)
26 verbose stack     at Request.self.callback (/usr/local/lib/node_modules/npm/node_modules/request/request.js:344:22)
26 verbose stack     at Request.emit (events.js:110:17)
26 verbose stack     at Request.<anonymous> (/usr/local/lib/node_modules/npm/node_modules/request/request.js:1239:14)
26 verbose stack     at Request.emit (events.js:129:20)
26 verbose stack     at IncomingMessage.<anonymous> (/usr/local/lib/node_modules/npm/node_modules/request/request.js:1187:12)
26 verbose stack     at IncomingMessage.emit (events.js:129:20)
26 verbose stack     at _stream_readable.js:908:16
26 verbose stack     at process._tickCallback (node.js:355:11)
27 verbose statusCode 404
28 verbose pkgid revealjs
29 verbose cwd /Users/wisam/Developer/Code/Presentations/theia-presentation
30 error Darwin 13.4.0
31 error argv "/usr/local/bin/node" "/usr/local/bin/npm" "install" "--save" "revealjs"
32 error node v0.12.2
33 error npm  v2.7.4
34 error code E404
35 error 404 Not Found: revealjs
35 error 404
35 error 404 'revealjs' is not in the npm registry.
35 error 404 You should bug the author to publish it (or use the name yourself!)
35 error 404 It was specified as a dependency of 'theia-presentation'
35 error 404
35 error 404 Note that you can also install from a
35 error 404 tarball, folder, http url, or git url.
36 verbose exit [ 1, true ]
